<?xml version="1.0" encoding="UTF-8"?>
<testsuite xmlns:xsi="http://www.w3.org/2001/XMLSchema-instance" xsi:noNamespaceSchemaLocation="https://maven.apache.org/surefire/maven-surefire-plugin/xsd/surefire-test-report-3.0.xsd" version="3.0" name="com.example.StatefulAndAssumingTests" time="0.059" tests="8" errors="0" skipped="0" failures="0">
  <properties>
[...]
</properties>
  <testcase name="scenario34_assumingRejectsCrossValueConstraintFilterCannotExpress" classname="com.example.StatefulAndAssumingTests" time="0.003">
    <system-out><![CDATA[JHusk: com.example.StatefulAndAssumingTests.lambda$scenario34_assumingRejectsCrossValueConstraintFilterCannotExpress$3_L145 passed - 100 examples (0 edge cases + 100 random), 30 invalid (0 overrun, 0 filter, 30 assumption)
]]></system-out>
  </testcase>
  <testcase name="scenario37_commandsSequenceWithThreeDistinctCommandTypes" classname="com.example.StatefulAndAssumingTests" time="0.008">
    <system-out><![CDATA[JHusk: com.example.StatefulAndAssumingTests.lambda$scenario37_commandsSequenceWithThreeDistinctCommandTypes$1_L193 passed - 100 examples (2 edge cases + 98 random), 0 invalid (0 overrun, 0 filter, 0 assumption)
]]></system-out>
  </testcase>
  <testcase name="scenario33_unsatisfiablePreconditionSkipsSilentlyNotAsInvalidRun" classname="com.example.StatefulAndAssumingTests" time="0.002">
    <system-out><![CDATA[JHusk: com.example.StatefulAndAssumingTests.lambda$scenario33_unsatisfiablePreconditionSkipsSilentlyNotAsInvalidRun$1_L131 passed - 100 examples (2 edge cases + 98 random), 0 invalid (0 overrun, 0 filter, 0 assumption)
]]></system-out>
  </testcase>
  <testcase name="scenario36_assumingAndFilterRejectionsCountedInSeparateBuckets" classname="com.example.StatefulAndAssumingTests" time="0.002"/>
  <testcase name="scenario38_commandsAsPropertyComposesWithAllStandardBuilderMethods" classname="com.example.StatefulAndAssumingTests" time="0.003">
    <system-out><![CDATA[JHusk: com.example.StatefulAndAssumingTests.lambda$scenario38_commandsAsPropertyComposesWithAllStandardBuilderMethods$1_L209 passed - 25 examples (2 edge cases + 23 random), 0 invalid (0 overrun, 0 filter, 0 assumption)
]]></system-out>
  </testcase>
  <testcase name="scenario32_sequenceDependentBugIsCaughtAndSequenceShrinks" classname="com.example.StatefulAndAssumingTests" time="0.026"/>
  <testcase name="scenario31_correctStackPassesGeneratedCommandSequences" classname="com.example.StatefulAndAssumingTests" time="0.005">
    <system-out><![CDATA[JHusk: com.example.StatefulAndAssumingTests.lambda$scenario31_correctStackPassesGeneratedCommandSequences$1_L61 passed - 100 examples (2 edge cases + 98 random), 0 invalid (0 overrun, 0 filter, 0 assumption)
]]></system-out>
  </testcase>
  <testcase name="scenario35_assumptionExhaustionProducesAttributedErrorMessage" classname="com.example.StatefulAndAssumingTests" time="0.003"/>
</testsuite>